[debug] [2024-03-14T11:14:13.756Z] ----------------------------------------------------------------------
[debug] [2024-03-14T11:14:13.759Z] Command:       C:\Program Files\nodejs\node.exe C:\Users\pc\AppData\Roaming\npm\node_modules\firebase-tools\lib\bin\firebase.js deploy
[debug] [2024-03-14T11:14:13.759Z] CLI Version:   13.5.0
[debug] [2024-03-14T11:14:13.760Z] Platform:      win32
[debug] [2024-03-14T11:14:13.760Z] Node Version:  v20.11.0
[debug] [2024-03-14T11:14:13.760Z] Time:          Thu Mar 14 2024 13:14:13 GMT+0200 (Israel Standard Time)
[debug] [2024-03-14T11:14:13.760Z] ----------------------------------------------------------------------
[debug] 
[debug] [2024-03-14T11:14:13.837Z] > command requires scopes: ["email","openid","https://www.googleapis.com/auth/cloudplatformprojects.readonly","https://www.googleapis.com/auth/firebase","https://www.googleapis.com/auth/cloud-platform"]
[debug] [2024-03-14T11:14:13.838Z] > authorizing via signed-in user (abdalrhmandev10@gmail.com)
[debug] [2024-03-14T11:14:13.838Z] [iam] checking project greengems-store-97ae6 for permissions ["firebase.projects.get","firebasehosting.sites.update"]
[debug] [2024-03-14T11:14:13.839Z] > refreshing access token with scopes: []
[debug] [2024-03-14T11:14:13.841Z] >>> [apiv2][query] POST https://www.googleapis.com/oauth2/v3/token [none]
[debug] [2024-03-14T11:14:13.841Z] >>> [apiv2][body] POST https://www.googleapis.com/oauth2/v3/token [omitted]
[debug] [2024-03-14T11:14:15.002Z] <<< [apiv2][status] POST https://www.googleapis.com/oauth2/v3/token 200
[debug] [2024-03-14T11:14:15.003Z] <<< [apiv2][body] POST https://www.googleapis.com/oauth2/v3/token [omitted]
[debug] [2024-03-14T11:14:15.014Z] >>> [apiv2][query] POST https://cloudresourcemanager.googleapis.com/v1/projects/greengems-store-97ae6:testIamPermissions [none]
[debug] [2024-03-14T11:14:15.014Z] >>> [apiv2][(partial)header] POST https://cloudresourcemanager.googleapis.com/v1/projects/greengems-store-97ae6:testIamPermissions x-goog-quota-user=projects/greengems-store-97ae6
[debug] [2024-03-14T11:14:15.015Z] >>> [apiv2][body] POST https://cloudresourcemanager.googleapis.com/v1/projects/greengems-store-97ae6:testIamPermissions {"permissions":["firebase.projects.get","firebasehosting.sites.update"]}
[debug] [2024-03-14T11:14:16.312Z] <<< [apiv2][status] POST https://cloudresourcemanager.googleapis.com/v1/projects/greengems-store-97ae6:testIamPermissions 200
[debug] [2024-03-14T11:14:16.313Z] <<< [apiv2][body] POST https://cloudresourcemanager.googleapis.com/v1/projects/greengems-store-97ae6:testIamPermissions {"permissions":["firebase.projects.get","firebasehosting.sites.update"]}
[debug] [2024-03-14T11:14:16.313Z] >>> [apiv2][query] GET https://firebase.googleapis.com/v1beta1/projects/greengems-store-97ae6 [none]
[debug] [2024-03-14T11:14:16.962Z] <<< [apiv2][status] GET https://firebase.googleapis.com/v1beta1/projects/greengems-store-97ae6 200
[debug] [2024-03-14T11:14:16.962Z] <<< [apiv2][body] GET https://firebase.googleapis.com/v1beta1/projects/greengems-store-97ae6 {"projectId":"greengems-store-97ae6","projectNumber":"166899626143","displayName":"greengems-store","name":"projects/greengems-store-97ae6","resources":{"hostingSite":"greengems-store-97ae6-f6bd7","storageBucket":"greengems-store-97ae6.appspot.com","locationId":"us-central"},"state":"ACTIVE","etag":"1_2ca581f4-d29c-483b-9b13-e507945096a5"}
[info] 
[info] === Deploying to 'greengems-store-97ae6'...
[info] 
[info] i  deploying hosting 
[debug] [2024-03-14T11:14:16.986Z] >>> [apiv2][query] POST https://firebasehosting.googleapis.com/v1beta1/projects/-/sites/greengems-store-97ae6-f6bd7/versions [none]
[debug] [2024-03-14T11:14:16.987Z] >>> [apiv2][body] POST https://firebasehosting.googleapis.com/v1beta1/projects/-/sites/greengems-store-97ae6-f6bd7/versions {"status":"CREATED","labels":{"deployment-tool":"cli-firebase"}}
[debug] [2024-03-14T11:14:18.756Z] <<< [apiv2][status] POST https://firebasehosting.googleapis.com/v1beta1/projects/-/sites/greengems-store-97ae6-f6bd7/versions 200
[debug] [2024-03-14T11:14:18.756Z] <<< [apiv2][body] POST https://firebasehosting.googleapis.com/v1beta1/projects/-/sites/greengems-store-97ae6-f6bd7/versions {"name":"projects/166899626143/sites/greengems-store-97ae6-f6bd7/versions/16e1d2ff09bc447f","status":"CREATED","config":{},"labels":{"deployment-tool":"cli-firebase"}}
[info] i  hosting[greengems-store-97ae6-f6bd7]: beginning deploy... 
[info] i  hosting[greengems-store-97ae6-f6bd7]: found 32 files in build 
[debug] [2024-03-14T11:14:18.782Z] [hosting] uploading with 200 concurrency
[debug] [2024-03-14T11:14:19.194Z] [hosting] hash cache [YnVpbGQ] stored for 32 files
[debug] [2024-03-14T11:14:19.194Z] [hosting][hash queue][FINAL] {"max":403,"min":6,"avg":56.46875,"active":0,"complete":32,"success":32,"errored":0,"retried":0,"total":32,"elapsed":409}
[debug] [2024-03-14T11:14:19.195Z] >>> [apiv2][query] POST https://firebasehosting.googleapis.com/v1beta1/projects/166899626143/sites/greengems-store-97ae6-f6bd7/versions/16e1d2ff09bc447f:populateFiles [none]
[debug] [2024-03-14T11:14:19.195Z] >>> [apiv2][body] POST https://firebasehosting.googleapis.com/v1beta1/projects/166899626143/sites/greengems-store-97ae6-f6bd7/versions/16e1d2ff09bc447f:populateFiles {"files":{"/favicon.ico":"27edce7be5922cf0bef7d4136f69b5bfbdd5bf8c13c7b026f71187d41a00aa7d","/robots.txt":"bfe106a3fb878dc83461c86818bf74fc1bdc7f28538ba613cd3e775516ce8b49","/404.html":"762bf484ba67404bd1a3b181546ea28d60dfddf18e9dd4795d8d25bcf3c1a890","/asset-manifest.json":"b8c72d327b0867ffe1278946f3b447d7fa31e59aa0822b2299cbe21322d18ebc","/index.html":"6e6499f6bc0bc06c05e7c02fd9fd326df4ec1cb5995bc85680e827f848ca264b","/manifest.json":"ee04fb47e525c67d8424ffe9b4d8a8a24e434504478afca4e0ca602146836d4c","/static/js/453.f63193e3.chunk.js.map":"d71ce95b66aa493c6a6d3cf11c981449f2c3283a2918a5681d589d2c0ed49ae5","/static/js/main.a0d9e0d9.js.LICENSE.txt":"acecca534f662bf00be5bc3a5e8d68652ba63216ab6deb4604520640a37aeadf","/static/js/453.f63193e3.chunk.js":"a1bb6ba51de3b2a81b2abc88c28398a3931a07bab5f315e13ba0ce677cbaadb6","/static/media/Arabic Pixel 2.2a1e6e995bdefa640141.ttf":"a006ed3bfeab603f18d73237cd7c79d589f447bba8cdaf32cd0e8aa1333b3be8","/static/media/fa-v4compatibility.c6a0c95b0a95c4553700.ttf":"1118a801a77bd8233f689b264e7a698c9fedbc839b3e4712628b939fbe6eb939","/static/media/getFetch.40f37ddea2378391108f.cjs":"48a75cc4522a7cf5b12868c94399f99e1a6c7cf9091ac5c44bc41d39ab3af365","/static/media/fa-v4compatibility.1bac2991f3dbfa237aec.woff2":"2f04815e075109a5deb5e54b68d981d87d83bd321737b898731eab627f054818","/static/media/Retro Gaming.c1a52a602585b2d6baf8.ttf":"515c4b5d88e03ca62ffd4f536d176202f5827c96efa79a1956533e466462b96e","/static/media/fa-regular-400.50701fbb8177c2dde530.ttf":"260100309e53599657488a65a619225d50beb976ea3901d94804b14ae5628b88","/static/media/fa-regular-400.b041b1fa4fe241b23445.woff2":"d16a06b647f03b21962101fc60c5541c9f6a74adbffd7708550bfdbfbd9cee05","/static/media/global.cee3c87f7ddb9809ec3f.png":"b1a0dd0d8e8911f322187a9f7f0cedfe708ff8222ab287e44896100099632afc","/static/css/main.a11a3fe3.css":"1e5161b215e550d4c48c52b214d6a49fd346d9fabb979e847e9b18cdc94f6523","/static/media/logoNoBackground.27cdc2f83120c0edb0d0.png":"89a6c0d4e20a8d4afe6229c6ec905a6b18781208e1eeb6b2508c92261a756f77","/static/css/main.a11a3fe3.css.map":"adc56952788a9cb7a7db6121d44d948684944f9e8c48484ab340ba398cdd964c","/static/media/fa-brands-400.878f31251d960bd6266f.woff2":"2d19220c6fc9e0044368e3b5badf7f1f210e90484e57b1bcf54b401099e6e54c","/static/media/fa-solid-900.b6879d41b0852f01ed5b.woff2":"44ddccecb9af398baa057519d17deb470452327d55356c5b8c38c9ea19418d31","/static/media/fa-brands-400.016b4a6cdced82ab3aa1.ttf":"7750fb79d8fa17459dca9bca62767e192377beb1ec455b2cad8b138ab6a2b4c1","/static/media/p1.087f5b8b6de8a0ad062a.jpeg":"e61d4f1bb0447118f7963b8fdc36dbefc33f9de1232f8580041d04869bd879f4","/static/media/landBackground.8f0e45dd3d4d1d3db449.jpg":"c13e5f810c0000049ebd5b164c1a6fa14019adaa51ebee0e2d9fe034d102e8ec","/static/media/p2.a8c83ddf54fb398bfe5b.jpeg":"6cdb52d06ea98e426554186e7d4bf83fe5dc8852397f61839a5efab9e786a8f9","/static/media/fa-solid-900.d75e3fd1eb12e9bd6655.ttf":"8f81cc3966ed027c7ffb9e42ecf855d2024ae1f2416a71c8076138252d36a421","/static/media/Ryu.769fe01bc59d0ef280df.png":"5dca6310e6e21a2bcaf5f9d5316f63c8ad8c8afbc358732dbcdafe4a5ddf1738","/static/media/instagram.4306012dbebdc39d3860.png":"32fcc38f162f729f194b1d34c0591456f70f15423aa12d69f23e73fde99493d4","/static/js/main.a0d9e0d9.js":"2258b7c3efae33971dc255b5a59d9b86f88d9fdce6e0b9c7595f4b9b86dfbceb","/static/media/p3.e9397892a5bfbc563819.png":"45a2b6833270d621b05978bc38bfbc9e8079bf935c0ea3e6f7fac5a55973852b","/static/js/main.a0d9e0d9.js.map":"6fedd230d70a961ee05d3f2e46ccbcd4b0a10a2466af5145bcf8da3336ff07d8"}}
[debug] [2024-03-14T11:14:19.658Z] <<< [apiv2][status] POST https://firebasehosting.googleapis.com/v1beta1/projects/166899626143/sites/greengems-store-97ae6-f6bd7/versions/16e1d2ff09bc447f:populateFiles 200
[debug] [2024-03-14T11:14:19.659Z] <<< [apiv2][body] POST https://firebasehosting.googleapis.com/v1beta1/projects/166899626143/sites/greengems-store-97ae6-f6bd7/versions/16e1d2ff09bc447f:populateFiles {"uploadRequiredHashes":["2258b7c3efae33971dc255b5a59d9b86f88d9fdce6e0b9c7595f4b9b86dfbceb","b8c72d327b0867ffe1278946f3b447d7fa31e59aa0822b2299cbe21322d18ebc","6e6499f6bc0bc06c05e7c02fd9fd326df4ec1cb5995bc85680e827f848ca264b","6fedd230d70a961ee05d3f2e46ccbcd4b0a10a2466af5145bcf8da3336ff07d8"],"uploadUrl":"https://upload-firebasehosting.googleapis.com/upload/sites/greengems-store-97ae6-f6bd7/versions/16e1d2ff09bc447f/files"}
[debug] [2024-03-14T11:14:19.660Z] >>> [apiv2][query] POST https://upload-firebasehosting.googleapis.com/upload/sites/greengems-store-97ae6-f6bd7/versions/16e1d2ff09bc447f/files/2258b7c3efae33971dc255b5a59d9b86f88d9fdce6e0b9c7595f4b9b86dfbceb [none]
[debug] [2024-03-14T11:14:19.660Z] >>> [apiv2][body] POST https://upload-firebasehosting.googleapis.com/upload/sites/greengems-store-97ae6-f6bd7/versions/16e1d2ff09bc447f/files/2258b7c3efae33971dc255b5a59d9b86f88d9fdce6e0b9c7595f4b9b86dfbceb [stream]
[debug] [2024-03-14T11:14:19.661Z] >>> [apiv2][query] POST https://upload-firebasehosting.googleapis.com/upload/sites/greengems-store-97ae6-f6bd7/versions/16e1d2ff09bc447f/files/b8c72d327b0867ffe1278946f3b447d7fa31e59aa0822b2299cbe21322d18ebc [none]
[debug] [2024-03-14T11:14:19.661Z] >>> [apiv2][body] POST https://upload-firebasehosting.googleapis.com/upload/sites/greengems-store-97ae6-f6bd7/versions/16e1d2ff09bc447f/files/b8c72d327b0867ffe1278946f3b447d7fa31e59aa0822b2299cbe21322d18ebc [stream]
[debug] [2024-03-14T11:14:19.662Z] >>> [apiv2][query] POST https://upload-firebasehosting.googleapis.com/upload/sites/greengems-store-97ae6-f6bd7/versions/16e1d2ff09bc447f/files/6e6499f6bc0bc06c05e7c02fd9fd326df4ec1cb5995bc85680e827f848ca264b [none]
[debug] [2024-03-14T11:14:19.662Z] >>> [apiv2][body] POST https://upload-firebasehosting.googleapis.com/upload/sites/greengems-store-97ae6-f6bd7/versions/16e1d2ff09bc447f/files/6e6499f6bc0bc06c05e7c02fd9fd326df4ec1cb5995bc85680e827f848ca264b [stream]
[debug] [2024-03-14T11:14:19.663Z] >>> [apiv2][query] POST https://upload-firebasehosting.googleapis.com/upload/sites/greengems-store-97ae6-f6bd7/versions/16e1d2ff09bc447f/files/6fedd230d70a961ee05d3f2e46ccbcd4b0a10a2466af5145bcf8da3336ff07d8 [none]
[debug] [2024-03-14T11:14:19.663Z] >>> [apiv2][body] POST https://upload-firebasehosting.googleapis.com/upload/sites/greengems-store-97ae6-f6bd7/versions/16e1d2ff09bc447f/files/6fedd230d70a961ee05d3f2e46ccbcd4b0a10a2466af5145bcf8da3336ff07d8 [stream]
[debug] [2024-03-14T11:14:19.664Z] [hosting][populate queue][FINAL] {"max":466,"min":466,"avg":466,"active":0,"complete":1,"success":1,"errored":0,"retried":0,"total":1,"elapsed":471}
[debug] [2024-03-14T11:14:19.664Z] [hosting] uploads queued: 4
[debug] [2024-03-14T11:14:21.429Z] <<< [apiv2][status] POST https://upload-firebasehosting.googleapis.com/upload/sites/greengems-store-97ae6-f6bd7/versions/16e1d2ff09bc447f/files/b8c72d327b0867ffe1278946f3b447d7fa31e59aa0822b2299cbe21322d18ebc 200
[debug] [2024-03-14T11:14:21.430Z] <<< [apiv2][body] POST https://upload-firebasehosting.googleapis.com/upload/sites/greengems-store-97ae6-f6bd7/versions/16e1d2ff09bc447f/files/b8c72d327b0867ffe1278946f3b447d7fa31e59aa0822b2299cbe21322d18ebc [stream]
[debug] [2024-03-14T11:14:22.034Z] <<< [apiv2][status] POST https://upload-firebasehosting.googleapis.com/upload/sites/greengems-store-97ae6-f6bd7/versions/16e1d2ff09bc447f/files/6e6499f6bc0bc06c05e7c02fd9fd326df4ec1cb5995bc85680e827f848ca264b 200
[debug] [2024-03-14T11:14:22.034Z] <<< [apiv2][body] POST https://upload-firebasehosting.googleapis.com/upload/sites/greengems-store-97ae6-f6bd7/versions/16e1d2ff09bc447f/files/6e6499f6bc0bc06c05e7c02fd9fd326df4ec1cb5995bc85680e827f848ca264b [stream]
